info: socket.io started
Server is running on 8080
info: socket.io started
Server is running on 8080
info: socket.io started
Server is running on 8080
info: socket.io started
Server is running on 8080
info: socket.io started
Server is running on 8080
login! data = [object Object]
info: socket.io started
Server is running on 8080
login! data = [object Object]
info: socket.io started
Server is running on 8080
login! data = [object Object]
info: socket.io started
Server is running on 8080
info: socket.io started
Server is running on 8080
login! data = [object Object]
login! data = [object Object]
login! data = [object Object]
login! data = [object Object]
info: socket.io started
Server is running on 8080
login! data = [object Object]
login! data = [object Object]
login! data = [object Object]
login! data = [object Object]
login! data = [object Object]
info: socket.io started
Server is running on 8080
login! data = [object Object]
{ username: 'tiagopms2', password: '123456' }
$2a$08$LBptvuWFRE38vj5BMZkFs.GyB8QIfA2gXaW7VMzygtMs45L7sRQD6
info: socket.io started
Server is running on 8080
login! data = [object Object]
{ username: 'tiagopms2', password: '123456' }
$2a$08$LBptvuWFRE38vj5BMZkFs.GyB8QIfA2gXaW7VMzygtMs45L7sRQD6
true
info: socket.io started
Server is running on 8080
info: socket.io started
Server is running on 8080
info: socket.io started
Server is running on 8080
info: socket.io started
info: socket.io started
info: socket.io started
info: socket.io started
info: socket.io started
info: socket.io started
info: socket.io started
info: socket.io started
info: socket.io started
info: socket.io started
info: socket.io started
info: socket.io started
info: socket.io started
info: socket.io started
info: socket.io started
info: socket.io started
info: socket.io started
info: socket.io started
info: socket.io started
info: socket.io started
info: socket.io started
info: socket.io started
info: socket.io started
info: socket.io started
info: socket.io started
info: socket.io started
info: socket.io started
info: socket.io started
info: socket.io started
info: socket.io started
info: socket.io started
info: socket.io started
info: socket.io started
info: socket.io started
info: socket.io started
info: socket.io started
info: socket.io started
info: socket.io started
info: socket.io started
info: socket.io started
info: socket.io started
info: socket.io started
info: socket.io started
info: socket.io started
info: socket.io started
info: socket.io started
info: socket.io started
info: socket.io started
info: socket.io started
info: socket.io started
info: socket.io started
info: socket.io started
info: socket.io started
info: socket.io started
info: socket.io started
info: socket.io started
info: socket.io started
info: socket.io started
info: socket.io started
info: socket.io started
info: socket.io started
info: socket.io started
info: socket.io started
info: socket.io started
info: socket.io started
info: socket.io started
info: socket.io started
info: socket.io started
info: socket.io started
info: socket.io started
info: socket.io started
info: socket.io started
info: socket.io started
info: socket.io started
info: socket.io started
info: socket.io started
info: socket.io started
info: socket.io started
info: socket.io started
info: socket.io started
info: socket.io started
info: socket.io started
info: socket.io started
info: socket.io started
info: socket.io started
info: socket.io started
info: socket.io started
info: socket.io started
info: socket.io started
info: socket.io started
info: socket.io started
info: socket.io started
info: socket.io started
info: socket.io started
info: socket.io started
info: socket.io started
info: socket.io started
info: socket.io started
info: socket.io started
info: socket.io started
info: socket.io started
info: socket.io started
info: socket.io started
info: socket.io started
info: socket.io started
info: socket.io started
info: socket.io started
info: socket.io started
info: socket.io started
info: socket.io started
info: socket.io started
info: socket.io started
info: socket.io started
info: socket.io started
info: socket.io started
info: socket.io started
info: socket.io started
info: socket.io started
info: socket.io started
info: socket.io started
info: socket.io started
info: socket.io started
info: socket.io started
info: socket.io started
info: socket.io started
info: socket.io started
info: socket.io started
info: socket.io started
info: socket.io started
info: socket.io started
info: socket.io started
info: socket.io started
info: socket.io started
info: socket.io started
info: socket.io started
info: socket.io started
info: socket.io started
info: socket.io started
info: socket.io started
info: socket.io started
info: socket.io started
info: socket.io started
info: socket.io started
info: socket.io started
info: socket.io started
info: socket.io started
info: socket.io started
info: socket.io started
info: socket.io started
info: socket.io started
info: socket.io started
info: socket.io started
info: socket.io started
info: socket.io started
info: socket.io started
info: socket.io started
info: socket.io started
info: socket.io started
info: socket.io started
info: socket.io started
info: socket.io started
info: socket.io started
info: socket.io started
info: socket.io started
info: socket.io started
info: socket.io started
info: socket.io started
info: socket.io started
info: socket.io started
info: socket.io started
info: socket.io started
info: socket.io started
info: socket.io started
info: socket.io started
info: socket.io started
info: socket.io started
info: socket.io started
info: socket.io started
info: socket.io started
info: socket.io started
info: socket.io started
info: socket.io started
info: socket.io started
info: socket.io started
info: socket.io started
info: socket.io started
info: socket.io started
info: socket.io started
info: socket.io started
Server is running on 8080
info: socket.io started
Server is running on 8080
info: socket.io started
Server is running on 8080
info: socket.io started
Server is running on 8080
info: socket.io started
Server is running on 8080
info: socket.io started
info: socket.io started
Server is running on 8080
info: socket.io started
Server is running on 8080
info: socket.io started
Server is running on 8080
info: socket.io started
Server is running on 8080
info: socket.io started
Server is running on 8080
info: socket.io started
Server is running on 8080
info: socket.io started
Server is running on 8080
info: socket.io started
Server is running on 8080
info: socket.io started
Server is running on 8080
info: socket.io started
Server is running on 8080
info: socket.io started
Server is running on 8080
