
TypeError: Object #<Object> has no method 'indexOf'
    at Query.login [as _callback] (/home/t.pimentel/rapid-prototype/module5/site/server_login.js:45:15)
    at Query.Sequence.end (/home/t.pimentel/rapid-prototype/module5/site/node_modules/mysql/lib/protocol/sequences/Sequence.js:66:24)
    at Query._handleFinalResultPacket (/home/t.pimentel/rapid-prototype/module5/site/node_modules/mysql/lib/protocol/sequences/Query.js:139:8)
    at Query.EofPacket (/home/t.pimentel/rapid-prototype/module5/site/node_modules/mysql/lib/protocol/sequences/Query.js:123:8)
    at Protocol._parsePacket (/home/t.pimentel/rapid-prototype/module5/site/node_modules/mysql/lib/protocol/Protocol.js:156:24)
    at Parser.write (/home/t.pimentel/rapid-prototype/module5/site/node_modules/mysql/lib/protocol/Parser.js:60:12)
    at Protocol.write (/home/t.pimentel/rapid-prototype/module5/site/node_modules/mysql/lib/protocol/Protocol.js:31:16)
    at Socket.ondata (stream.js:38:26)
    at Socket.EventEmitter.emit (events.js:96:17)
    at TCP.onread (net.js:396:14)

TypeError: Object #<Object> has no method 'indexOf'
    at Query.login [as _callback] (/home/t.pimentel/rapid-prototype/module5/site/server_login.js:45:15)
    at Query.Sequence.end (/home/t.pimentel/rapid-prototype/module5/site/node_modules/mysql/lib/protocol/sequences/Sequence.js:66:24)
    at Query._handleFinalResultPacket (/home/t.pimentel/rapid-prototype/module5/site/node_modules/mysql/lib/protocol/sequences/Query.js:139:8)
    at Query.EofPacket (/home/t.pimentel/rapid-prototype/module5/site/node_modules/mysql/lib/protocol/sequences/Query.js:123:8)
    at Protocol._parsePacket (/home/t.pimentel/rapid-prototype/module5/site/node_modules/mysql/lib/protocol/Protocol.js:156:24)
    at Parser.write (/home/t.pimentel/rapid-prototype/module5/site/node_modules/mysql/lib/protocol/Parser.js:60:12)
    at Protocol.write (/home/t.pimentel/rapid-prototype/module5/site/node_modules/mysql/lib/protocol/Protocol.js:31:16)
    at Socket.ondata (stream.js:38:26)
    at Socket.EventEmitter.emit (events.js:96:17)
    at TCP.onread (net.js:396:14)

TypeError: Object #<Object> has no method 'indexOf'
    at Query.login [as _callback] (/home/t.pimentel/rapid-prototype/module5/site/server_login.js:45:15)
    at Query.Sequence.end (/home/t.pimentel/rapid-prototype/module5/site/node_modules/mysql/lib/protocol/sequences/Sequence.js:66:24)
    at Query._handleFinalResultPacket (/home/t.pimentel/rapid-prototype/module5/site/node_modules/mysql/lib/protocol/sequences/Query.js:139:8)
    at Query.EofPacket (/home/t.pimentel/rapid-prototype/module5/site/node_modules/mysql/lib/protocol/sequences/Query.js:123:8)
    at Protocol._parsePacket (/home/t.pimentel/rapid-prototype/module5/site/node_modules/mysql/lib/protocol/Protocol.js:156:24)
    at Parser.write (/home/t.pimentel/rapid-prototype/module5/site/node_modules/mysql/lib/protocol/Parser.js:60:12)
    at Protocol.write (/home/t.pimentel/rapid-prototype/module5/site/node_modules/mysql/lib/protocol/Protocol.js:31:16)
    at Socket.ondata (stream.js:38:26)
    at Socket.EventEmitter.emit (events.js:96:17)
    at TCP.onread (net.js:396:14)

TypeError: Object #<Object> has no method 'indexOf'
    at Query.login [as _callback] (/home/t.pimentel/rapid-prototype/module5/site/server_login.js:45:15)
    at Query.Sequence.end (/home/t.pimentel/rapid-prototype/module5/site/node_modules/mysql/lib/protocol/sequences/Sequence.js:66:24)
    at Query._handleFinalResultPacket (/home/t.pimentel/rapid-prototype/module5/site/node_modules/mysql/lib/protocol/sequences/Query.js:139:8)
    at Query.EofPacket (/home/t.pimentel/rapid-prototype/module5/site/node_modules/mysql/lib/protocol/sequences/Query.js:123:8)
    at Protocol._parsePacket (/home/t.pimentel/rapid-prototype/module5/site/node_modules/mysql/lib/protocol/Protocol.js:156:24)
    at Parser.write (/home/t.pimentel/rapid-prototype/module5/site/node_modules/mysql/lib/protocol/Parser.js:60:12)
    at Protocol.write (/home/t.pimentel/rapid-prototype/module5/site/node_modules/mysql/lib/protocol/Protocol.js:31:16)
    at Socket.ondata (stream.js:38:26)
    at Socket.EventEmitter.emit (events.js:96:17)
    at TCP.onread (net.js:396:14)

TypeError: Object #<Object> has no method 'indexOf'
    at Query.login [as _callback] (/home/t.pimentel/rapid-prototype/module5/site/server_login.js:45:15)
    at Query.Sequence.end (/home/t.pimentel/rapid-prototype/module5/site/node_modules/mysql/lib/protocol/sequences/Sequence.js:66:24)
    at Query._handleFinalResultPacket (/home/t.pimentel/rapid-prototype/module5/site/node_modules/mysql/lib/protocol/sequences/Query.js:139:8)
    at Query.EofPacket (/home/t.pimentel/rapid-prototype/module5/site/node_modules/mysql/lib/protocol/sequences/Query.js:123:8)
    at Protocol._parsePacket (/home/t.pimentel/rapid-prototype/module5/site/node_modules/mysql/lib/protocol/Protocol.js:156:24)
    at Parser.write (/home/t.pimentel/rapid-prototype/module5/site/node_modules/mysql/lib/protocol/Parser.js:60:12)
    at Protocol.write (/home/t.pimentel/rapid-prototype/module5/site/node_modules/mysql/lib/protocol/Protocol.js:31:16)
    at Socket.ondata (stream.js:38:26)
    at Socket.EventEmitter.emit (events.js:96:17)
    at TCP.onread (net.js:396:14)

TypeError: Object #<Object> has no method 'indexOf'
    at Query.login [as _callback] (/home/t.pimentel/rapid-prototype/module5/site/server_login.js:45:15)
    at Query.Sequence.end (/home/t.pimentel/rapid-prototype/module5/site/node_modules/mysql/lib/protocol/sequences/Sequence.js:66:24)
    at Query._handleFinalResultPacket (/home/t.pimentel/rapid-prototype/module5/site/node_modules/mysql/lib/protocol/sequences/Query.js:139:8)
    at Query.EofPacket (/home/t.pimentel/rapid-prototype/module5/site/node_modules/mysql/lib/protocol/sequences/Query.js:123:8)
    at Protocol._parsePacket (/home/t.pimentel/rapid-prototype/module5/site/node_modules/mysql/lib/protocol/Protocol.js:156:24)
    at Parser.write (/home/t.pimentel/rapid-prototype/module5/site/node_modules/mysql/lib/protocol/Parser.js:60:12)
    at Protocol.write (/home/t.pimentel/rapid-prototype/module5/site/node_modules/mysql/lib/protocol/Protocol.js:31:16)
    at Socket.ondata (stream.js:38:26)
    at Socket.EventEmitter.emit (events.js:96:17)
    at TCP.onread (net.js:396:14)

TypeError: Object #<Object> has no method 'indexOf'
    at Query.login [as _callback] (/home/t.pimentel/rapid-prototype/module5/site/server_login.js:45:15)
    at Query.Sequence.end (/home/t.pimentel/rapid-prototype/module5/site/node_modules/mysql/lib/protocol/sequences/Sequence.js:66:24)
    at Query._handleFinalResultPacket (/home/t.pimentel/rapid-prototype/module5/site/node_modules/mysql/lib/protocol/sequences/Query.js:139:8)
    at Query.EofPacket (/home/t.pimentel/rapid-prototype/module5/site/node_modules/mysql/lib/protocol/sequences/Query.js:123:8)
    at Protocol._parsePacket (/home/t.pimentel/rapid-prototype/module5/site/node_modules/mysql/lib/protocol/Protocol.js:156:24)
    at Parser.write (/home/t.pimentel/rapid-prototype/module5/site/node_modules/mysql/lib/protocol/Parser.js:60:12)
    at Protocol.write (/home/t.pimentel/rapid-prototype/module5/site/node_modules/mysql/lib/protocol/Protocol.js:31:16)
    at Socket.ondata (stream.js:38:26)
    at Socket.EventEmitter.emit (events.js:96:17)
    at TCP.onread (net.js:396:14)

TypeError: Object #<Object> has no method 'indexOf'
    at Query.login [as _callback] (/home/t.pimentel/rapid-prototype/module5/site/server_login.js:45:15)
    at Query.Sequence.end (/home/t.pimentel/rapid-prototype/module5/site/node_modules/mysql/lib/protocol/sequences/Sequence.js:66:24)
    at Query._handleFinalResultPacket (/home/t.pimentel/rapid-prototype/module5/site/node_modules/mysql/lib/protocol/sequences/Query.js:139:8)
    at Query.EofPacket (/home/t.pimentel/rapid-prototype/module5/site/node_modules/mysql/lib/protocol/sequences/Query.js:123:8)
    at Protocol._parsePacket (/home/t.pimentel/rapid-prototype/module5/site/node_modules/mysql/lib/protocol/Protocol.js:156:24)
    at Parser.write (/home/t.pimentel/rapid-prototype/module5/site/node_modules/mysql/lib/protocol/Parser.js:60:12)
    at Protocol.write (/home/t.pimentel/rapid-prototype/module5/site/node_modules/mysql/lib/protocol/Protocol.js:31:16)
    at Socket.ondata (stream.js:38:26)
    at Socket.EventEmitter.emit (events.js:96:17)
    at TCP.onread (net.js:396:14)

/home/t.pimentel/rapid-prototype/module5/site/server_users_request.js:23
	users_response[socket.user.user_id].my_id = true;
	                                          ^
TypeError: Cannot set property 'my_id' of undefined
    at send_users_response (/home/t.pimentel/rapid-prototype/module5/site/server_users_request.js:23:44)
    at Socket.users_request (/home/t.pimentel/rapid-prototype/module5/site/server_users_request.js:52:3)
    at Socket.EventEmitter.emit [as $emit] (events.js:93:17)
    at SocketNamespace.handlePacket (/home/t.pimentel/rapid-prototype/module5/site/node_modules/socket.io/lib/namespace.js:335:22)
    at Manager.onClientMessage (/home/t.pimentel/rapid-prototype/module5/site/node_modules/socket.io/lib/manager.js:487:38)
    at WebSocket.Transport.onMessage (/home/t.pimentel/rapid-prototype/module5/site/node_modules/socket.io/lib/transport.js:387:20)
    at Parser.<anonymous> (/home/t.pimentel/rapid-prototype/module5/site/node_modules/socket.io/lib/transports/websocket/hybi-16.js:39:10)
    at Parser.EventEmitter.emit (events.js:96:17)
    at opcodeHandlers.1.finish (/home/t.pimentel/rapid-prototype/module5/site/node_modules/socket.io/lib/transports/websocket/hybi-16.js:288:16)
    at Parser.opcodeHandlers.1.expectData [as expectHandler] (/home/t.pimentel/rapid-prototype/module5/site/node_modules/socket.io/lib/transports/websocket/hybi-16.js:299:15)
