info: socket.io started
Server is running on 8080
undefined
Getting word
RAAAAAAAAA
43
0
RAAAAAAAAA
43
0
undefined
Getting word
undefined
Getting word
RAAAAAAAAA
46
0
RAAAAAAAAA
46
0
undefined
Getting word
RAAAAAAAAA
43
0
undefined
Getting word
RAAAAAAAAA
46
0
RAAAAAAAAA
46
0
undefined
Getting word
RAAAAAAAAA
43
0
RAAAAAAAAA
43
0
undefined
Getting word
getting timer over!
undefined
Getting word
Add friend final!
Add friend final!
getting timer over!
undefined
Getting word
getting timer over!
undefined
Getting word
getting timer over!
undefined
Getting word
getting timer over!
undefined
Getting word
getting timer over!
undefined
Getting word
getting timer over!
undefined
Getting word
getting timer over!
undefined
Getting word
getting timer over!
undefined
Getting word
getting timer over!
undefined
Getting word
getting timer over!
undefined
Getting word
getting timer over!
undefined
Getting word
getting timer over!
undefined
Getting word
undefined
Getting word
undefined
Getting word
RAAAAAAAAA
43
1
undefined
Getting word
getting timer over!
undefined
Getting word
getting timer over!
undefined
Getting word
getting timer over!
undefined
Getting word
Add friend final!
Add friend final!
undefined
Getting word
getting timer over!
undefined
Getting word
getting timer over!
undefined
Getting word
getting timer over!
undefined
Getting word
getting timer over!
undefined
Getting word
getting timer over!
undefined
Getting word
getting timer over!
undefined
Getting word
getting timer over!
undefined
Getting word
getting timer over!
undefined
Getting word
getting timer over!
undefined
Getting word
getting timer over!
undefined
Getting word
getting timer over!
undefined
Getting word
getting timer over!
undefined
Getting word
getting timer over!
undefined
Getting word
getting timer over!
undefined
Getting word
getting timer over!
undefined
Getting word
getting timer over!
undefined
Getting word
getting timer over!
undefined
Getting word
1
Getting word
getting timer over!
undefined
Getting word
getting timer over!
undefined
Getting word
1
Getting word
undefined
Getting word
getting timer over!
undefined
Getting word
getting timer over!
undefined
Getting word
getting timer over!
undefined
Getting word
getting timer over!
undefined
Getting word
getting timer over!
undefined
Getting word
getting timer over!
undefined
Getting word
getting timer over!
undefined
Getting word
getting timer over!
undefined
Getting word
getting timer over!
undefined
Getting word
1
Getting word
getting timer over!
undefined
Getting word
getting timer over!
undefined
Getting word
getting timer over!
undefined
Getting word
getting timer over!
undefined
Getting word
getting timer over!
undefined
Getting word
getting timer over!
undefined
Getting word
getting timer over!
undefined
Getting word
getting timer over!
undefined
Getting word
getting timer over!
undefined
Getting word
getting timer over!
undefined
Getting word
getting timer over!
undefined
Getting word
getting timer over!
undefined
Getting word
getting timer over!
undefined
Getting word
getting timer over!
undefined
Getting word
1
Getting word
getting timer over!
undefined
Getting word
getting timer over!
undefined
Getting word
RAAAAAAAAA
43
5
undefined
Getting word
getting timer over!
undefined
Getting word
getting timer over!
undefined
Getting word
getting timer over!
undefined
Getting word
getting timer over!
undefined
Getting word
getting timer over!
undefined
Getting word
getting timer over!
undefined
Getting word
getting timer over!
undefined
Getting word
getting timer over!
undefined
Getting word
getting timer over!
undefined
Getting word
getting timer over!
undefined
Getting word
getting timer over!
undefined
Getting word
getting timer over!
undefined
Getting word
getting timer over!
undefined
Getting word
getting timer over!
undefined
Getting word
getting timer over!
undefined
Getting word
getting timer over!
undefined
Getting word
getting timer over!
undefined
Getting word
getting timer over!
undefined
Getting word
getting timer over!
undefined
Getting word
getting timer over!
undefined
Getting word
getting timer over!
undefined
Getting word
getting timer over!
undefined
Getting word
getting timer over!
undefined
Getting word
getting timer over!
undefined
Getting word
getting timer over!
undefined
Getting word
getting timer over!
undefined
Getting word
getting timer over!
undefined
Getting word
getting timer over!
undefined
Getting word
getting timer over!
undefined
Getting word
getting timer over!
undefined
Getting word
getting timer over!
undefined
Getting word
getting timer over!
undefined
Getting word
getting timer over!
undefined
Getting word
getting timer over!
undefined
Getting word
getting timer over!
undefined
Getting word
getting timer over!
undefined
Getting word
getting timer over!
undefined
Getting word
getting timer over!
undefined
Getting word
getting timer over!
undefined
Getting word
getting timer over!
undefined
Getting word
getting timer over!
undefined
Getting word
getting timer over!
undefined
Getting word
getting timer over!
undefined
Getting word
getting timer over!
undefined
Getting word
getting timer over!
undefined
Getting word
getting timer over!
undefined
Getting word
getting timer over!
undefined
Getting word
getting timer over!
undefined
Getting word
getting timer over!
undefined
Getting word
getting timer over!
undefined
Getting word
getting timer over!
undefined
Getting word
getting timer over!
undefined
Getting word
getting timer over!
undefined
Getting word
getting timer over!
undefined
Getting word
getting timer over!
undefined
Getting word
getting timer over!
undefined
Getting word
getting timer over!
undefined
Getting word
getting timer over!
undefined
Getting word
getting timer over!
undefined
Getting word
getting timer over!
undefined
Getting word
getting timer over!
undefined
Getting word
getting timer over!
undefined
Getting word
getting timer over!
undefined
Getting word
getting timer over!
undefined
Getting word
getting timer over!
undefined
Getting word
getting timer over!
undefined
Getting word
getting timer over!
undefined
Getting word
getting timer over!
undefined
Getting word
getting timer over!
undefined
Getting word
1
Getting word
getting timer over!
undefined
Getting word
info: socket.io started
Server is running on 8080
info: socket.io started
Server is running on 8080
info: socket.io started
Server is running on 8080
info: socket.io started
Server is running on 8080
info: socket.io started
Server is running on 8080
info: socket.io started
Server is running on 8080
info: socket.io started
Server is running on 8080
info: socket.io started
Server is running on 8080
info: socket.io started
Server is running on 8080
info: socket.io started
Server is running on 8080
info: socket.io started
Server is running on 8080
undefined
Getting word
undefined
Getting word
undefined
Getting word
undefined
Getting word
undefined
Getting word
undefined
Getting word
undefined
Getting word
undefined
Getting word
undefined
Getting word
undefined
Getting word
undefined
Getting word
undefined
Getting word
undefined
Getting word
info: socket.io started
Server is running on 8080
{}
-1
{ '43': 
   { username: 'tiagopms',
     gravatar: '7c6d7d37090e79ad22654ec7dd1ff2fa' } }
-1
info: socket.io started
Server is running on 8080
{}
{ is_used: '1',
  crypt_pass: '$2a$08$ih2BMXGGt5JCxVJak9VfwexTeXGvfkOTAcbFFui0DjJE2QemadjSq',
  id: 43,
  email_address: 'joaofelipenp@gmail.com',
  admin: 'true' }
-1
{ '43': 
   { username: 'tiagopms',
     gravatar: '7c6d7d37090e79ad22654ec7dd1ff2fa' } }
{ is_used: '1',
  crypt_pass: '$2a$08$ih2BMXGGt5JCxVJak9VfwexTeXGvfkOTAcbFFui0DjJE2QemadjSq',
  id: 43,
  email_address: 'joaofelipenp@gmail.com',
  admin: 'true' }
-1
info: socket.io started
Server is running on 8080
{}
{ is_used: '1',
  crypt_pass: '$2a$08$ih2BMXGGt5JCxVJak9VfwexTeXGvfkOTAcbFFui0DjJE2QemadjSq',
  id: 43,
  email_address: 'joaofelipenp@gmail.com',
  admin: 'true' }
-1
{ '43': 
   { username: 'tiagopms',
     gravatar: '7c6d7d37090e79ad22654ec7dd1ff2fa' } }
{ is_used: '1',
  crypt_pass: '$2a$08$ih2BMXGGt5JCxVJak9VfwexTeXGvfkOTAcbFFui0DjJE2QemadjSq',
  id: 43,
  email_address: 'joaofelipenp@gmail.com',
  admin: 'true' }
-1
{ '43': 
   { username: 'tiagopms',
     gravatar: '7c6d7d37090e79ad22654ec7dd1ff2fa' } }
{ is_used: '1',
  crypt_pass: '$2a$08$ih2BMXGGt5JCxVJak9VfwexTeXGvfkOTAcbFFui0DjJE2QemadjSq',
  id: 43,
  email_address: 'joaofelipenp@gmail.com',
  admin: 'true' }
-1
{ '43': 
   { username: 'tiagopms',
     gravatar: '7c6d7d37090e79ad22654ec7dd1ff2fa' } }
{ is_used: '1',
  crypt_pass: '$2a$08$ZJk3jb9CYSRB6tybKj2S9ed/jMgmVAU58mApW/3iuxVd0iSdpxGVK',
  id: 46,
  email_address: 'joaofelipenp@gmail.com',
  admin: 'true' }
-1
{ '43': 
   { username: 'tiagopms',
     gravatar: '7c6d7d37090e79ad22654ec7dd1ff2fa' },
  '46': 
   { username: 'joao123',
     gravatar: '7c6d7d37090e79ad22654ec7dd1ff2fa' } }
{ is_used: '1',
  crypt_pass: '$2a$08$lMO0gNv74LTQmAnMMszWOunQ5AuN8GeM5f08GykQZt7h2cI2gKVE.',
  id: 48,
  email_address: 'unneon@gmail.com',
  admin: 'false' }
-1
{ '43': 
   { username: 'tiagopms',
     gravatar: '7c6d7d37090e79ad22654ec7dd1ff2fa' },
  '46': 
   { username: 'joao123',
     gravatar: '7c6d7d37090e79ad22654ec7dd1ff2fa' },
  '48': 
   { username: 'marcelinho',
     gravatar: 'b21019653f7006baa820cca6f1477dbc' } }
{ is_used: '1',
  crypt_pass: '$2a$08$08x12gLL2zn2s4hfeLtCLemchkJGCVXSWwfrV85x0Fy2WZDxRDIjq',
  id: 45,
  email_address: 'joaofelipenp@gmail.com',
  admin: 'true' }
-1
{ '43': 
   { username: 'tiagopms',
     gravatar: '7c6d7d37090e79ad22654ec7dd1ff2fa' },
  '45': 
   { username: 'blabla',
     gravatar: '7c6d7d37090e79ad22654ec7dd1ff2fa' },
  '46': 
   { username: 'joao123',
     gravatar: '7c6d7d37090e79ad22654ec7dd1ff2fa' },
  '48': 
   { username: 'marcelinho',
     gravatar: 'b21019653f7006baa820cca6f1477dbc' } }
{ is_used: '1',
  crypt_pass: '$2a$08$Mlet3gqMKgQzve9brl3jzey4rFkap5xj0fGu4N6vYAX3ccSMvvwdu',
  id: 42,
  email_address: 'joaofelipenp@gmail.com',
  admin: 'true' }
-1
undefined
Getting word
undefined
Getting word
undefined
Getting word
getting timer over!
undefined
Getting word
undefined
Getting word
undefined
Getting word
getting timer over!
undefined
Getting word
getting timer over!
undefined
Getting word
undefined
Getting word
getting timer over!
undefined
Getting word
undefined
Getting word
getting timer over!
undefined
Getting word
getting timer over!
undefined
Getting word
1
Getting word
undefined
Getting word
undefined
Getting word
undefined
Getting word
1
Getting word
Add friend final!
Add friend final!
Add friend final!
getting timer over!
undefined
Getting word
getting timer over!
undefined
Getting word
getting timer over!
undefined
Getting word
undefined
Getting word
info: socket.io started
Server is running on 8080
{}
{ is_used: '1',
  crypt_pass: '$2a$08$ih2BMXGGt5JCxVJak9VfwexTeXGvfkOTAcbFFui0DjJE2QemadjSq',
  id: 43,
  email_address: 'joaofelipenp@gmail.com',
  admin: 'true' }
-1
undefined
Getting word
undefined
Getting word
{ '43': 
   { username: 'tiagopms',
     gravatar: '7c6d7d37090e79ad22654ec7dd1ff2fa' } }
{ is_used: '1',
  crypt_pass: '$2a$08$08x12gLL2zn2s4hfeLtCLemchkJGCVXSWwfrV85x0Fy2WZDxRDIjq',
  id: 45,
  email_address: 'joaofelipenp@gmail.com',
  admin: 'true' }
-1
undefined
Getting word
getting timer over!
undefined
Getting word
getting timer over!
undefined
Getting word
getting timer over!
undefined
Getting word
getting timer over!
undefined
Getting word
getting timer over!
undefined
Getting word
getting timer over!
undefined
Getting word
info: socket.io started
Server is running on 8080
{}
{ is_used: '1',
  crypt_pass: '$2a$08$ih2BMXGGt5JCxVJak9VfwexTeXGvfkOTAcbFFui0DjJE2QemadjSq',
  id: 43,
  email_address: 'joaofelipenp@gmail.com',
  admin: 'true' }
-1
undefined
Getting word
undefined
Getting word
undefined
Getting word
